#
# There is insufficient memory for the Java Runtime Environment to continue.
# Native memory allocation (malloc) failed to allocate 70254592 bytes for committing reserved memory.
# Possible reasons:
#   The system is out of physical RAM or swap space
#   In 32 bit mode, the process size limit was hit
# Possible solutions:
#   Reduce memory load on the system
#   Increase physical memory or swap space
#   Check if swap backing store is full
#   Use 64 bit Java on a 64 bit OS
#   Decrease Java heap size (-Xmx/-Xms)
#   Decrease number of Java threads
#   Decrease Java thread stack sizes (-Xss)
#   Set larger code cache with -XX:ReservedCodeCacheSize=
# This output file may be truncated or incomplete.
#
#  Out of Memory Error (os_linux.cpp:2726), pid=12266, tid=140346450224896
#
# JRE version: Java(TM) SE Runtime Environment (7.0_51-b13) (build 1.7.0_51-b13)
# Java VM: Java HotSpot(TM) 64-Bit Server VM (24.51-b03 mixed mode linux-amd64 compressed oops)
# Failed to write core dump. Core dumps have been disabled. To enable core dumping, try "ulimit -c unlimited" before starting Java again
#

---------------  T H R E A D  ---------------

Current thread (0x00007fa4f0069800):  VMThread [stack: 0x00007fa4f43fa000,0x00007fa4f44fb000] [id=12272]

Stack: [0x00007fa4f43fa000,0x00007fa4f44fb000],  sp=0x00007fa4f44f9020,  free space=1020k
Native frames: (J=compiled Java code, j=interpreted, Vv=VM code, C=native code)
V  [libjvm.so+0x992f4a]  VMError::report_and_die()+0x2ea
V  [libjvm.so+0x4931ab]  report_vm_out_of_memory(char const*, int, unsigned long, char const*)+0x9b
V  [libjvm.so+0x81338e]  os::Linux::commit_memory_impl(char*, unsigned long, bool)+0xfe
V  [libjvm.so+0x81383f]  os::Linux::commit_memory_impl(char*, unsigned long, unsigned long, bool)+0x4f
V  [libjvm.so+0x813a2c]  os::pd_commit_memory(char*, unsigned long, unsigned long, bool)+0xc
V  [libjvm.so+0x80daea]  os::commit_memory(char*, unsigned long, unsigned long, bool)+0x2a
V  [libjvm.so+0x87fcd3]  PSVirtualSpace::expand_by(unsigned long)+0x53
V  [libjvm.so+0x8810a8]  PSYoungGen::resize_generation(unsigned long, unsigned long)+0xf8
V  [libjvm.so+0x880212]  PSYoungGen::resize(unsigned long, unsigned long)+0x22
V  [libjvm.so+0x87d6ab]  PSScavenge::invoke_no_policy()+0xf3b
V  [libjvm.so+0x87de11]  PSScavenge::invoke()+0x41
V  [libjvm.so+0x834f10]  ParallelScavengeHeap::failed_mem_allocate(unsigned long)+0x70
V  [libjvm.so+0x9947e7]  VM_ParallelGCFailedAllocation::doit()+0x97
V  [libjvm.so+0x99bc15]  VM_Operation::evaluate()+0x55
V  [libjvm.so+0x99a04a]  VMThread::evaluate_operation(VM_Operation*)+0xba
V  [libjvm.so+0x99a3ce]  VMThread::loop()+0x1ce
V  [libjvm.so+0x99a840]  VMThread::run()+0x70
V  [libjvm.so+0x815538]  java_start(Thread*)+0x108

VM_Operation (0x00007fa4f8ee8070): ParallelGCFailedAllocation, mode: safepoint, requested by thread 0x00007fa4f000a000


---------------  P R O C E S S  ---------------

Java Threads: ( => current thread )
  0x00007fa4f0630000 JavaThread "process reaper" daemon [_thread_blocked, id=12282, stack(0x00007fa4ec0ac000,0x00007fa4ec0e5000)]
  0x00007fa4f00bf000 JavaThread "Monitor Ctrl-Break" daemon [_thread_in_native, id=12280, stack(0x00007fa4ec0e5000,0x00007fa4ec1e6000)]
  0x00007fa4f0096800 JavaThread "Service Thread" daemon [_thread_blocked, id=12278, stack(0x00007fa4ec4e9000,0x00007fa4ec5ea000)]
  0x00007fa4f0094000 JavaThread "C2 CompilerThread1" daemon [_thread_blocked, id=12277, stack(0x00007fa4ec5ea000,0x00007fa4ec6eb000)]
  0x00007fa4f0091000 JavaThread "C2 CompilerThread0" daemon [_thread_blocked, id=12276, stack(0x00007fa4ec6eb000,0x00007fa4ec7ec000)]
  0x00007fa4f0087000 JavaThread "Signal Dispatcher" daemon [_thread_blocked, id=12275, stack(0x00007fa4f40f7000,0x00007fa4f41f8000)]
  0x00007fa4f0070000 JavaThread "Finalizer" daemon [_thread_blocked, id=12274, stack(0x00007fa4f41f8000,0x00007fa4f42f9000)]
  0x00007fa4f006c000 JavaThread "Reference Handler" daemon [_thread_blocked, id=12273, stack(0x00007fa4f42f9000,0x00007fa4f43fa000)]
  0x00007fa4f000a000 JavaThread "main" [_thread_blocked, id=12267, stack(0x00007fa4f8deb000,0x00007fa4f8eec000)]

Other Threads:
=>0x00007fa4f0069800 VMThread [stack: 0x00007fa4f43fa000,0x00007fa4f44fb000] [id=12272]
  0x00007fa4f00a1000 WatcherThread [stack: 0x00007fa4ec3e8000,0x00007fa4ec4e9000] [id=12279]

VM state:at safepoint (normal execution)

VM Mutex/Monitor currently owned by a thread:  ([mutex/lock_event])
[0x00007fa4f0006640] Threads_lock - owner thread: 0x00007fa4f0069800
[0x00007fa4f0006b40] Heap_lock - owner thread: 0x00007fa4f000a000

Heap
 PSYoungGen      total 67072K, used 5614K [0x00000000ed200000, 0x00000000f1900000, 0x0000000100000000)
  eden space 61440K, 0% used [0x00000000ed200000,0x00000000ed200000,0x00000000f0e00000)
  from space 5632K, 99% used [0x00000000f0e00000,0x00000000f137b990,0x00000000f1380000)
  to   space 5632K, 0% used [0x00000000f1380000,0x00000000f1380000,0x00000000f1900000)
 ParOldGen       total 38400K, used 12993K [0x00000000c7600000, 0x00000000c9b80000, 0x00000000ed200000)
  object space 38400K, 33% used [0x00000000c7600000,0x00000000c82b06a8,0x00000000c9b80000)
 PSPermGen       total 21504K, used 21202K [0x00000000c2400000, 0x00000000c3900000, 0x00000000c7600000)
  object space 21504K, 98% used [0x00000000c2400000,0x00000000c38b4a60,0x00000000c3900000)

Card table byte_map: [0x00007fa4f5ef9000,0x00007fa4f60e8000] byte_map_base: 0x00007fa4f58e7000

Polling page: 0x00007fa4f8f09000

Code Cache  [0x00007fa4ed000000, 0x00007fa4ed270000, 0x00007fa4f0000000)
 total_blobs=729 nmethods=415 adapters=267 free_code_cache=47607Kb largest_free_block=48701312

Compilation events (10 events):
Event: 4,713 Thread 0x00007fa4f0094000  425             java.util.AbstractCollection::isEmpty (13 bytes)
Event: 4,728 Thread 0x00007fa4f0091000  426             org.codehaus.plexus.util.xml.pull.MXParser::nextText (103 bytes)
Event: 4,807 Thread 0x00007fa4f0094000 nmethod 425 0x00007fa4ed0ea610 code [0x00007fa4ed0ea760, 0x00007fa4ed0ea7f8]
Event: 4,807 Thread 0x00007fa4f0094000  427             java.util.HashMap::put (142 bytes)
Event: 4,808 Thread 0x00007fa4f0091000 nmethod 426 0x00007fa4ed178790 code [0x00007fa4ed178900, 0x00007fa4ed178a08]
Event: 4,808 Thread 0x00007fa4f0091000  428             java.util.AbstractList$Itr::<init> (6 bytes)
Event: 4,808 Thread 0x00007fa4f0091000 nmethod 428 0x00007fa4ed1784d0 code [0x00007fa4ed178600, 0x00007fa4ed178698]
Event: 4,808 Thread 0x00007fa4f0091000  429             java.util.AbstractList$Itr::<init> (31 bytes)
Event: 4,809 Thread 0x00007fa4f0091000 nmethod 429 0x00007fa4ed186e90 code [0x00007fa4ed186fc0, 0x00007fa4ed187058]
Event: 4,832 Thread 0x00007fa4f0094000 nmethod 427 0x00007fa4ed0eb250 code [0x00007fa4ed0eb420, 0x00007fa4ed0eb990]

GC Heap History (10 events):
Event: 0,879 GC heap after
Heap after GC invocations=2 (full 0):
 PSYoungGen      total 17408K, used 2029K [0x00000000ed200000, 0x00000000ef400000, 0x0000000100000000)
  eden space 15360K, 0% used [0x00000000ed200000,0x00000000ed200000,0x00000000ee100000)
  from space 2048K, 99% used [0x00000000ee300000,0x00000000ee4fb4a0,0x00000000ee500000)
  to   space 2048K, 0% used [0x00000000ee100000,0x00000000ee100000,0x00000000ee300000)
 ParOldGen       total 38400K, used 1371K [0x00000000c7600000, 0x00000000c9b80000, 0x00000000ed200000)
  object space 38400K, 3% used [0x00000000c7600000,0x00000000c7756e28,0x00000000c9b80000)
 PSPermGen       total 21504K, used 7490K [0x00000000c2400000, 0x00000000c3900000, 0x00000000c7600000)
  object space 21504K, 34% used [0x00000000c2400000,0x00000000c2b50a60,0x00000000c3900000)
}
Event: 1,159 GC heap before
{Heap before GC invocations=3 (full 0):
 PSYoungGen      total 17408K, used 17389K [0x00000000ed200000, 0x00000000ef400000, 0x0000000100000000)
  eden space 15360K, 100% used [0x00000000ed200000,0x00000000ee100000,0x00000000ee100000)
  from space 2048K, 99% used [0x00000000ee300000,0x00000000ee4fb4a0,0x00000000ee500000)
  to   space 2048K, 0% used [0x00000000ee100000,0x00000000ee100000,0x00000000ee300000)
 ParOldGen       total 38400K, used 1371K [0x00000000c7600000, 0x00000000c9b80000, 0x00000000ed200000)
  object space 38400K, 3% used [0x00000000c7600000,0x00000000c7756e28,0x00000000c9b80000)
 PSPermGen       total 21504K, used 9512K [0x00000000c2400000, 0x00000000c3900000, 0x00000000c7600000)
  object space 21504K, 44% used [0x00000000c2400000,0x00000000c2d4a1a8,0x00000000c3900000)
Event: 1,163 GC heap after
Heap after GC invocations=3 (full 0):
 PSYoungGen      total 17408K, used 2016K [0x00000000ed200000, 0x00000000ef400000, 0x0000000100000000)
  eden space 15360K, 0% used [0x00000000ed200000,0x00000000ed200000,0x00000000ee100000)
  from space 2048K, 98% used [0x00000000ee100000,0x00000000ee2f8020,0x00000000ee300000)
  to   space 2048K, 0% used [0x00000000ef200000,0x00000000ef200000,0x00000000ef400000)
 ParOldGen       total 38400K, used 2855K [0x00000000c7600000, 0x00000000c9b80000, 0x00000000ed200000)
  object space 38400K, 7% used [0x00000000c7600000,0x00000000c78c9d10,0x00000000c9b80000)
 PSPermGen       total 21504K, used 9512K [0x00000000c2400000, 0x00000000c3900000, 0x00000000c7600000)
  object space 21504K, 44% used [0x00000000c2400000,0x00000000c2d4a1a8,0x00000000c3900000)
}
Event: 1,403 GC heap before
{Heap before GC invocations=4 (full 0):
 PSYoungGen      total 17408K, used 17376K [0x00000000ed200000, 0x00000000ef400000, 0x0000000100000000)
  eden space 15360K, 100% used [0x00000000ed200000,0x00000000ee100000,0x00000000ee100000)
  from space 2048K, 98% used [0x00000000ee100000,0x00000000ee2f8020,0x00000000ee300000)
  to   space 2048K, 0% used [0x00000000ef200000,0x00000000ef200000,0x00000000ef400000)
 ParOldGen       total 38400K, used 2855K [0x00000000c7600000, 0x00000000c9b80000, 0x00000000ed200000)
  object space 38400K, 7% used [0x00000000c7600000,0x00000000c78c9d10,0x00000000c9b80000)
 PSPermGen       total 21504K, used 10838K [0x00000000c2400000, 0x00000000c3900000, 0x00000000c7600000)
  object space 21504K, 50% used [0x00000000c2400000,0x00000000c2e95a70,0x00000000c3900000)
Event: 1,408 GC heap after
Heap after GC invocations=4 (full 0):
 PSYoungGen      total 32768K, used 2016K [0x00000000ed200000, 0x00000000ef400000, 0x0000000100000000)
  eden space 30720K, 0% used [0x00000000ed200000,0x00000000ed200000,0x00000000ef000000)
  from space 2048K, 98% used [0x00000000ef200000,0x00000000ef3f8020,0x00000000ef400000)
  to   space 2048K, 0% used [0x00000000ef000000,0x00000000ef000000,0x00000000ef200000)
 ParOldGen       total 38400K, used 4148K [0x00000000c7600000, 0x00000000c9b80000, 0x00000000ed200000)
  object space 38400K, 10% used [0x00000000c7600000,0x00000000c7a0d228,0x00000000c9b80000)
 PSPermGen       total 21504K, used 10838K [0x00000000c2400000, 0x00000000c3900000, 0x00000000c7600000)
  object space 21504K, 50% used [0x00000000c2400000,0x00000000c2e95a70,0x00000000c3900000)
}
Event: 2,258 GC heap before
{Heap before GC invocations=5 (full 0):
 PSYoungGen      total 32768K, used 32736K [0x00000000ed200000, 0x00000000ef400000, 0x0000000100000000)
  eden space 30720K, 100% used [0x00000000ed200000,0x00000000ef000000,0x00000000ef000000)
  from space 2048K, 98% used [0x00000000ef200000,0x00000000ef3f8020,0x00000000ef400000)
  to   space 2048K, 0% used [0x00000000ef000000,0x00000000ef000000,0x00000000ef200000)
 ParOldGen       total 38400K, used 4148K [0x00000000c7600000, 0x00000000c9b80000, 0x00000000ed200000)
  object space 38400K, 10% used [0x00000000c7600000,0x00000000c7a0d228,0x00000000c9b80000)
 PSPermGen       total 21504K, used 13624K [0x00000000c2400000, 0x00000000c3900000, 0x00000000c7600000)
  object space 21504K, 63% used [0x00000000c2400000,0x00000000c314e078,0x00000000c3900000)
Event: 2,270 GC heap after
Heap after GC invocations=5 (full 0):
 PSYoungGen      total 32768K, used 2048K [0x00000000ed200000, 0x00000000f1900000, 0x0000000100000000)
  eden space 30720K, 0% used [0x00000000ed200000,0x00000000ed200000,0x00000000ef000000)
  from space 2048K, 100% used [0x00000000ef000000,0x00000000ef200000,0x00000000ef200000)
  to   space 5632K, 0% used [0x00000000f1380000,0x00000000f1380000,0x00000000f1900000)
 ParOldGen       total 38400K, used 7691K [0x00000000c7600000, 0x00000000c9b80000, 0x00000000ed200000)
  object space 38400K, 20% used [0x00000000c7600000,0x00000000c7d82f70,0x00000000c9b80000)
 PSPermGen       total 21504K, used 13624K [0x00000000c2400000, 0x00000000c3900000, 0x00000000c7600000)
  object space 21504K, 63% used [0x00000000c2400000,0x00000000c314e078,0x00000000c3900000)
}
Event: 2,997 GC heap before
{Heap before GC invocations=6 (full 0):
 PSYoungGen      total 32768K, used 32768K [0x00000000ed200000, 0x00000000f1900000, 0x0000000100000000)
  eden space 30720K, 100% used [0x00000000ed200000,0x00000000ef000000,0x00000000ef000000)
  from space 2048K, 100% used [0x00000000ef000000,0x00000000ef200000,0x00000000ef200000)
  to   space 5632K, 0% used [0x00000000f1380000,0x00000000f1380000,0x00000000f1900000)
 ParOldGen       total 38400K, used 7691K [0x00000000c7600000, 0x00000000c9b80000, 0x00000000ed200000)
  object space 38400K, 20% used [0x00000000c7600000,0x00000000c7d82f70,0x00000000c9b80000)
 PSPermGen       total 21504K, used 14156K [0x00000000c2400000, 0x00000000c3900000, 0x00000000c7600000)
  object space 21504K, 65% used [0x00000000c2400000,0x00000000c31d30a0,0x00000000c3900000)
Event: 3,008 GC heap after
Heap after GC invocations=6 (full 0):
 PSYoungGen      total 67072K, used 3845K [0x00000000ed200000, 0x00000000f1900000, 0x0000000100000000)
  eden space 61440K, 0% used [0x00000000ed200000,0x00000000ed200000,0x00000000f0e00000)
  from space 5632K, 68% used [0x00000000f1380000,0x00000000f1741630,0x00000000f1900000)
  to   space 5632K, 0% used [0x00000000f0e00000,0x00000000f0e00000,0x00000000f1380000)
 ParOldGen       total 38400K, used 7691K [0x00000000c7600000, 0x00000000c9b80000, 0x00000000ed200000)
  object space 38400K, 20% used [0x00000000c7600000,0x00000000c7d82f70,0x00000000c9b80000)
 PSPermGen       total 21504K, used 14156K [0x00000000c2400000, 0x00000000c3900000, 0x00000000c7600000)
  object space 21504K, 65% used [0x00000000c2400000,0x00000000c31d30a0,0x00000000c3900000)
}
Event: 4,860 GC heap before
{Heap before GC invocations=7 (full 0):
 PSYoungGen      total 67072K, used 65285K [0x00000000ed200000, 0x00000000f1900000, 0x0000000100000000)
  eden space 61440K, 100% used [0x00000000ed200000,0x00000000f0e00000,0x00000000f0e00000)
  from space 5632K, 68% used [0x00000000f1380000,0x00000000f1741630,0x00000000f1900000)
  to   space 5632K, 0% used [0x00000000f0e00000,0x00000000f0e00000,0x00000000f1380000)
 ParOldGen       total 38400K, used 7691K [0x00000000c7600000, 0x00000000c9b80000, 0x00000000ed200000)
  object space 38400K, 20% used [0x00000000c7600000,0x00000000c7d82f70,0x00000000c9b80000)
 PSPermGen       total 21504K, used 21202K [0x00000000c2400000, 0x00000000c3900000, 0x00000000c7600000)
  object space 21504K, 98% used [0x00000000c2400000,0x00000000c38b4a60,0x00000000c3900000)

Deoptimization events (10 events):
Event: 4,439 Thread 0x00007fa4f000a000 Uncommon trap: reason=class_check action=maybe_recompile pc=0x00007fa4ed12a6e4 method=java.util.Hashtable.get(Ljava/lang/Object;)Ljava/lang/Object; @ 46
Event: 4,440 Thread 0x00007fa4f000a000 Uncommon trap: reason=bimorphic action=maybe_recompile pc=0x00007fa4ed0b7324 method=java.io.DataInputStream.readFully([BII)V @ 34
Event: 4,440 Thread 0x00007fa4f000a000 Uncommon trap: reason=bimorphic action=maybe_recompile pc=0x00007fa4ed0b7324 method=java.io.DataInputStream.readFully([BII)V @ 34
Event: 4,440 Thread 0x00007fa4f000a000 Uncommon trap: reason=bimorphic action=maybe_recompile pc=0x00007fa4ed0b7324 method=java.io.DataInputStream.readFully([BII)V @ 34
Event: 4,440 Thread 0x00007fa4f000a000 Uncommon trap: reason=bimorphic action=maybe_recompile pc=0x00007fa4ed0b7324 method=java.io.DataInputStream.readFully([BII)V @ 34
Event: 4,481 Thread 0x00007fa4f000a000 Uncommon trap: reason=class_check action=maybe_recompile pc=0x00007fa4ed0f2840 method=org.aspectj.org.eclipse.jdt.internal.compiler.lookup.BinaryTypeBinding.createMethod(Lorg/aspectj/org/eclipse/jdt/internal/compiler/env/IBinaryMethod;J)Lorg/aspectj/org/e
Event: 4,481 Thread 0x00007fa4f000a000 Uncommon trap: reason=class_check action=maybe_recompile pc=0x00007fa4ed0f2840 method=org.aspectj.org.eclipse.jdt.internal.compiler.lookup.BinaryTypeBinding.createMethod(Lorg/aspectj/org/eclipse/jdt/internal/compiler/env/IBinaryMethod;J)Lorg/aspectj/org/e
Event: 4,481 Thread 0x00007fa4f000a000 Uncommon trap: reason=class_check action=maybe_recompile pc=0x00007fa4ed0f2840 method=org.aspectj.org.eclipse.jdt.internal.compiler.lookup.BinaryTypeBinding.createMethod(Lorg/aspectj/org/eclipse/jdt/internal/compiler/env/IBinaryMethod;J)Lorg/aspectj/org/e
Event: 4,481 Thread 0x00007fa4f000a000 Uncommon trap: reason=class_check action=maybe_recompile pc=0x00007fa4ed0f2840 method=org.aspectj.org.eclipse.jdt.internal.compiler.lookup.BinaryTypeBinding.createMethod(Lorg/aspectj/org/eclipse/jdt/internal/compiler/env/IBinaryMethod;J)Lorg/aspectj/org/e
Event: 4,698 Thread 0x00007fa4f000a000 Uncommon trap: reason=unreached action=reinterpret pc=0x00007fa4ed17a770 method=java.util.WeakHashMap.expungeStaleEntries()V @ 9

Internal exceptions (10 events):
Event: 4,436 Thread 0x00007fa4f000a000 Threw 0x00000000f03f6ba0 at /HUDSON/workspace/7u-2-build-linux-amd64@2/jdk7u51/527/hotspot/src/share/vm/prims/jvm.cpp:1244
Event: 4,439 Thread 0x00007fa4f000a000 Threw 0x00000000f03f9eb8 at /HUDSON/workspace/7u-2-build-linux-amd64@2/jdk7u51/527/hotspot/src/share/vm/prims/jvm.cpp:1244
Event: 4,439 Thread 0x00007fa4f000a000 Threw 0x00000000f04004c0 at /HUDSON/workspace/7u-2-build-linux-amd64@2/jdk7u51/527/hotspot/src/share/vm/prims/jvm.cpp:1244
Event: 4,440 Thread 0x00007fa4f000a000 Threw 0x00000000f0407788 at /HUDSON/workspace/7u-2-build-linux-amd64@2/jdk7u51/527/hotspot/src/share/vm/prims/jvm.cpp:1244
Event: 4,458 Thread 0x00007fa4f000a000 Threw 0x00000000f0410b98 at /HUDSON/workspace/7u-2-build-linux-amd64@2/jdk7u51/527/hotspot/src/share/vm/prims/jvm.cpp:1244
Event: 4,458 Thread 0x00007fa4f000a000 Threw 0x00000000f0413fb8 at /HUDSON/workspace/7u-2-build-linux-amd64@2/jdk7u51/527/hotspot/src/share/vm/prims/jvm.cpp:1244
Event: 4,459 Thread 0x00007fa4f000a000 Threw 0x00000000f041abc8 at /HUDSON/workspace/7u-2-build-linux-amd64@2/jdk7u51/527/hotspot/src/share/vm/prims/jvm.cpp:1244
Event: 4,460 Thread 0x00007fa4f000a000 Threw 0x00000000f041f718 at /HUDSON/workspace/7u-2-build-linux-amd64@2/jdk7u51/527/hotspot/src/share/vm/prims/jvm.cpp:1244
Event: 4,513 Thread 0x00007fa4f000a000 Threw 0x00000000f06bbb28 at /HUDSON/workspace/7u-2-build-linux-amd64@2/jdk7u51/527/hotspot/src/share/vm/prims/jvm.cpp:1244
Event: 4,516 Thread 0x00007fa4f000a000 Threw 0x00000000f06d0530 at /HUDSON/workspace/7u-2-build-linux-amd64@2/jdk7u51/527/hotspot/src/share/vm/prims/jvm.cpp:1244

Events (10 events):
Event: 4,516 loading class 0x00007fa4f094c310
Event: 4,516 loading class 0x00007fa4f094c310 done
Event: 4,516 loading class 0x00007fa4f094c310
Event: 4,516 loading class 0x00007fa4f094c310 done
Event: 4,687 Thread 0x00007fa4f000a000 Uncommon trap: trap_request=0xffffffad fr.pc=0x00007fa4ed17a770
Event: 4,699 Thread 0x00007fa4f000a000 DEOPT PACKING pc=0x00007fa4ed17a770 sp=0x00007fa4f8ee89a0
Event: 4,700 Thread 0x00007fa4f000a000 DEOPT UNPACKING pc=0x00007fa4ed039445 sp=0x00007fa4f8ee8900 mode 2
Event: 4,772 loading class 0x00007fa4f57530b0
Event: 4,781 loading class 0x00007fa4f57530b0 done
Event: 4,846 Executing VM operation: ParallelGCFailedAllocation


Dynamic libraries:
00400000-00401000 r-xp 00000000 08:11 673378                             /usr/lib/jvm/java-7-oracle/jre/bin/java
00600000-00601000 rw-p 00000000 08:11 673378                             /usr/lib/jvm/java-7-oracle/jre/bin/java
007b2000-007d3000 rw-p 00000000 00:00 0                                  [heap]
c2400000-c3900000 rw-p 00000000 00:00 0 
c3900000-c7600000 rw-p 00000000 00:00 0 
c7600000-c9b80000 rw-p 00000000 00:00 0 
c9b80000-ed200000 rw-p 00000000 00:00 0 
ed200000-f1900000 rw-p 00000000 00:00 0 
f5c00000-100000000 rw-p 00000000 00:00 0 
7fa4a8000000-7fa4a8021000 rw-p 00000000 00:00 0 
7fa4a8021000-7fa4ac000000 ---p 00000000 00:00 0 
7fa4ac000000-7fa4ac021000 rw-p 00000000 00:00 0 
7fa4ac021000-7fa4b0000000 ---p 00000000 00:00 0 
7fa4b0000000-7fa4b0021000 rw-p 00000000 00:00 0 
7fa4b0021000-7fa4b4000000 ---p 00000000 00:00 0 
7fa4b4000000-7fa4b4021000 rw-p 00000000 00:00 0 
7fa4b4021000-7fa4b8000000 ---p 00000000 00:00 0 
7fa4b8000000-7fa4b8d62000 rw-p 00000000 00:00 0 
7fa4b8d62000-7fa4bc000000 ---p 00000000 00:00 0 
7fa4bc000000-7fa4bc8f0000 rw-p 00000000 00:00 0 
7fa4bc8f0000-7fa4c0000000 ---p 00000000 00:00 0 
7fa4c0000000-7fa4c0021000 rw-p 00000000 00:00 0 
7fa4c0021000-7fa4c4000000 ---p 00000000 00:00 0 
7fa4c4000000-7fa4c4021000 rw-p 00000000 00:00 0 
7fa4c4021000-7fa4c8000000 ---p 00000000 00:00 0 
7fa4c8000000-7fa4c824a000 rw-p 00000000 00:00 0 
7fa4c824a000-7fa4cc000000 ---p 00000000 00:00 0 
7fa4cc000000-7fa4cc021000 rw-p 00000000 00:00 0 
7fa4cc021000-7fa4d0000000 ---p 00000000 00:00 0 
7fa4d0000000-7fa4d0021000 rw-p 00000000 00:00 0 
7fa4d0021000-7fa4d4000000 ---p 00000000 00:00 0 
7fa4d8000000-7fa4d8021000 rw-p 00000000 00:00 0 
7fa4d8021000-7fa4dc000000 ---p 00000000 00:00 0 
7fa4e0000000-7fa4e0021000 rw-p 00000000 00:00 0 
7fa4e0021000-7fa4e4000000 ---p 00000000 00:00 0 
7fa4e5c97000-7fa4e5c9e000 r--s 00000000 08:11 136342                     /usr/lib/x86_64-linux-gnu/gconv/gconv-modules.cache
7fa4e5c9e000-7fa4e5ccd000 r--p 00000000 08:11 287191                     /usr/share/locale-langpack/ru/LC_MESSAGES/libc.mo
7fa4e5cf8000-7fa4e5d08000 r-xp 00000000 08:11 150918                     /usr/lib/jvm/java-7-oracle/jre/lib/amd64/libnio.so
7fa4e5d08000-7fa4e5f08000 ---p 00010000 08:11 150918                     /usr/lib/jvm/java-7-oracle/jre/lib/amd64/libnio.so
7fa4e5f08000-7fa4e5f09000 rw-p 00010000 08:11 150918                     /usr/lib/jvm/java-7-oracle/jre/lib/amd64/libnio.so
7fa4e5f09000-7fa4e5f1f000 r-xp 00000000 08:11 150880                     /usr/lib/jvm/java-7-oracle/jre/lib/amd64/libnet.so
7fa4e5f1f000-7fa4e611f000 ---p 00016000 08:11 150880                     /usr/lib/jvm/java-7-oracle/jre/lib/amd64/libnet.so
7fa4e611f000-7fa4e6120000 rw-p 00016000 08:11 150880                     /usr/lib/jvm/java-7-oracle/jre/lib/amd64/libnet.so
7fa4e6120000-7fa4e8000000 rw-p 00000000 00:00 0 
7fa4e8000000-7fa4e8021000 rw-p 00000000 00:00 0 
7fa4e8021000-7fa4ec000000 ---p 00000000 00:00 0 
7fa4ec042000-7fa4ec043000 rw-p 00000000 00:00 0 
7fa4ec043000-7fa4ec047000 r--s 0002d000 08:11 150869                     /usr/lib/jvm/java-7-oracle/jre/lib/ext/sunjce_provider.jar
7fa4ec047000-7fa4ec0ac000 r--s 00811000 08:03 8268066                    /home/ivan/.m2/repository/org/aspectj/aspectjtools/1.6.9/aspectjtools-1.6.9.jar
7fa4ec0ac000-7fa4ec0af000 ---p 00000000 00:00 0 
7fa4ec0af000-7fa4ec0e5000 rw-p 00000000 00:00 0                          [stack:12282]
7fa4ec0e5000-7fa4ec0e8000 ---p 00000000 00:00 0 
7fa4ec0e8000-7fa4ec1e6000 rw-p 00000000 00:00 0                          [stack:12280]
7fa4ec1e6000-7fa4ec1e7000 r-xp 00000000 08:03 9830722                    /home/ivan/tools/idea-IU-123.169/bin/libbreakgen64.so
7fa4ec1e7000-7fa4ec3e6000 ---p 00001000 08:03 9830722                    /home/ivan/tools/idea-IU-123.169/bin/libbreakgen64.so
7fa4ec3e6000-7fa4ec3e7000 r--p 00000000 08:03 9830722                    /home/ivan/tools/idea-IU-123.169/bin/libbreakgen64.so
7fa4ec3e7000-7fa4ec3e8000 rw-p 00001000 08:03 9830722                    /home/ivan/tools/idea-IU-123.169/bin/libbreakgen64.so
7fa4ec3e8000-7fa4ec3e9000 ---p 00000000 00:00 0 
7fa4ec3e9000-7fa4ec4e9000 rw-p 00000000 00:00 0                          [stack:12279]
7fa4ec4e9000-7fa4ec4ec000 ---p 00000000 00:00 0 
7fa4ec4ec000-7fa4ec5ea000 rw-p 00000000 00:00 0                          [stack:12278]
7fa4ec5ea000-7fa4ec5ed000 ---p 00000000 00:00 0 
7fa4ec5ed000-7fa4ec6eb000 rw-p 00000000 00:00 0                          [stack:12277]
7fa4ec6eb000-7fa4ec6ee000 ---p 00000000 00:00 0 
7fa4ec6ee000-7fa4ec7ec000 rw-p 00000000 00:00 0                          [stack:12276]
7fa4ec7ec000-7fa4ed000000 r--p 00000000 08:11 660739                     /usr/lib/locale/locale-archive
7fa4ed000000-7fa4ed270000 rwxp 00000000 00:00 0 
7fa4ed270000-7fa4f0c5e000 rw-p 00000000 00:00 0 
7fa4f0c5e000-7fa4f4000000 ---p 00000000 00:00 0 
7fa4f4000000-7fa4f4001000 r--s 00003000 08:11 150868                     /usr/lib/jvm/java-7-oracle/jre/lib/ext/sunec.jar
7fa4f4001000-7fa4f4002000 r--s 00010000 08:11 150867                     /usr/lib/jvm/java-7-oracle/jre/lib/ext/zipfs.jar
7fa4f4002000-7fa4f4006000 r--s 000f7000 08:11 150866                     /usr/lib/jvm/java-7-oracle/jre/lib/ext/localedata.jar
7fa4f4006000-7fa4f4008000 r--s 00001000 08:11 150865                     /usr/lib/jvm/java-7-oracle/jre/lib/ext/dnsns.jar
7fa4f4008000-7fa4f400b000 r--s 00037000 08:11 150864                     /usr/lib/jvm/java-7-oracle/jre/lib/ext/sunpkcs11.jar
7fa4f400b000-7fa4f4012000 r--s 00039000 08:03 15077290                   /home/ivan/.m2/repository/doxia/doxia-core/1.0-alpha-4/doxia-core-1.0-alpha-4.jar
7fa4f4012000-7fa4f4014000 r--s 0000e000 08:03 15077285                   /home/ivan/.m2/repository/oro/oro/2.0.7/oro-2.0.7.jar
7fa4f4014000-7fa4f4016000 r--s 00013000 08:03 15077279                   /home/ivan/.m2/repository/commons-validator/commons-validator/1.1.4/commons-validator-1.1.4.jar
7fa4f4016000-7fa4f4017000 r--s 00003000 08:03 15077273                   /home/ivan/.m2/repository/org/apache/maven/reporting/maven-reporting-impl/2.0/maven-reporting-impl-2.0.jar
7fa4f4017000-7fa4f4019000 r--s 00000000 08:03 15077268                   /home/ivan/.m2/repository/doxia/doxia-sink-api/1.0-alpha-4/doxia-sink-api-1.0-alpha-4.jar
7fa4f4019000-7fa4f401a000 r--s 00001000 08:03 15077262                   /home/ivan/.m2/repository/org/apache/maven/reporting/maven-reporting-api/2.0/maven-reporting-api-2.0.jar
7fa4f401a000-7fa4f401f000 r--s 00039000 08:03 8268075                    /home/ivan/.m2/repository/org/codehaus/plexus/plexus-utils/1.5.6/plexus-utils-1.5.6.jar
7fa4f401f000-7fa4f4024000 r--s 00018000 08:03 8267900                    /home/ivan/.m2/repository/org/aspectj/aspectjrt/1.6.9/aspectjrt-1.6.9.jar
7fa4f4024000-7fa4f4026000 r--s 00008000 08:03 8268058                    /home/ivan/.m2/repository/org/codehaus/mojo/aspectj-maven-plugin/1.2/aspectj-maven-plugin-1.2.jar
7fa4f4026000-7fa4f4027000 r--p 00000000 00:00 0 
7fa4f4027000-7fa4f402b000 r--s 0008a000 08:11 687597                     /usr/lib/jvm/java-7-oracle/jre/lib/jsse.jar
7fa4f402b000-7fa4f402c000 r--s 00001000 08:11 297819                     /usr/share/java/wagon-file-2.x.jar
7fa4f402c000-7fa4f402e000 r--s 00006000 08:11 696817                     /usr/share/maven-repo/org/sonatype/aether/aether-connector-wagon/1.13.1/aether-connector-wagon-1.13.1.jar
7fa4f402e000-7fa4f4032000 r--s 0001c000 08:11 696800                     /usr/share/maven-repo/org/sonatype/aether/aether-util/1.13.1/aether-util-1.13.1.jar
7fa4f4032000-7fa4f4038000 r--s 0003e000 08:11 297848                     /usr/share/java/maven-compat-3.x.jar
7fa4f4038000-7fa4f403e000 r--s 0002c000 08:11 297506                     /usr/share/java/sisu-inject-plexus.jar
7fa4f403e000-7fa4f403f000 r--s 00000000 08:11 297464                     /usr/share/java/atinject-jsr330-api-1.0.jar
7fa4f403f000-7fa4f4041000 r--s 00003000 08:11 296820                     /usr/share/java/jsr305-0.1~+svn49.jar
7fa4f4041000-7fa4f406a000 r--s 0019d000 08:11 297480                     /usr/share/java/guava-14.0.1.jar
7fa4f406a000-7fa4f406c000 r--s 00002000 08:11 297024                     /usr/share/java/plexus-cipher.jar
7fa4f406c000-7fa4f4073000 r--s 00040000 08:11 297498                     /usr/share/java/sisu-inject-bean.jar
7fa4f4073000-7fa4f4075000 r--s 00007000 08:11 296815                     /usr/share/java/commons-cli-1.2.jar
7fa4f4075000-7fa4f4090000 r--s 00101000 08:11 297813                     /usr/share/java/wagon-http-shaded-2.x.jar
7fa4f4090000-7fa4f4092000 r--s 00009000 08:11 297854                     /usr/share/java/maven-plugin-api-3.x.jar
7fa4f4092000-7fa4f409e000 r--s 0007c000 08:11 297851                     /usr/share/java/maven-core-3.x.jar
7fa4f409e000-7fa4f40a0000 r--s 00008000 08:11 297855                     /usr/share/java/maven-embedder-3.x.jar
7fa4f40a0000-7fa4f40a4000 r--s 00020000 08:11 297846                     /usr/share/java/maven-model-builder-3.x.jar
7fa4f40a4000-7fa4f40a8000 r--s 00033000 08:11 297437                     /usr/share/java/plexus-utils2-2.0.5.jar
7fa4f40a8000-7fa4f40ab000 r--s 0001d000 08:11 696814                     /usr/share/maven-repo/org/sonatype/aether/aether-impl/1.13.1/aether-impl-1.13.1.jar
7fa4f40ab000-7fa4f40ad000 r--s 00007000 08:11 297847                     /usr/share/java/maven-settings-builder-3.x.jar
7fa4f40ad000-7fa4f40b4000 r--s 0003b000 08:11 296853                     /usr/share/java/commons-codec-1.8.jar
7fa4f40b4000-7fa4f40ba000 r--s 00046000 08:11 297050                     /usr/share/java/commons-httpclient-3.1.jar
7fa4f40ba000-7fa4f40c6000 r--s 00082000 08:11 297483                     /usr/share/java/sisu-guice.jar
7fa4f40c6000-7fa4f40f7000 rw-p 00000000 00:00 0 
7fa4f40f7000-7fa4f40fa000 ---p 00000000 00:00 0 
7fa4f40fa000-7fa4f41f8000 rw-p 00000000 00:00 0                          [stack:12275]
7fa4f41f8000-7fa4f41fb000 ---p 00000000 00:00 0 
7fa4f41fb000-7fa4f42f9000 rw-p 00000000 00:00 0                          [stack:12274]
7fa4f42f9000-7fa4f42fc000 ---p 00000000 00:00 0 
7fa4f42fc000-7fa4f43fa000 rw-p 00000000 00:00 0                          [stack:12273]
7fa4f43fa000-7fa4f43fb000 ---p 00000000 00:00 0 
7fa4f43fb000-7fa4f54fa000 rw-p 00000000 00:00 0                          [stack:12272]
7fa4f54fa000-7fa4f56b7000 r--s 039bf000 08:11 687595                     /usr/lib/jvm/java-7-oracle/jre/lib/rt.jar
7fa4f56b7000-7fa4f599e000 rw-p 00000000 00:00 0 
7fa4f599e000-7fa4f599f000 ---p 00000000 00:00 0 
7fa4f599f000-7fa4f5a9f000 rw-p 00000000 00:00 0                          [stack:12271]
7fa4f5a9f000-7fa4f5aa0000 ---p 00000000 00:00 0 
7fa4f5aa0000-7fa4f5ba0000 rw-p 00000000 00:00 0                          [stack:12270]
7fa4f5ba0000-7fa4f5ba1000 ---p 00000000 00:00 0 
7fa4f5ba1000-7fa4f5ca1000 rw-p 00000000 00:00 0                          [stack:12269]
7fa4f5ca1000-7fa4f5ca2000 ---p 00000000 00:00 0 
7fa4f5ca2000-7fa4f5dad000 rw-p 00000000 00:00 0                          [stack:12268]
7fa4f5dad000-7fa4f5dcb000 rw-p 00000000 00:00 0 
7fa4f5dcb000-7fa4f5dde000 rw-p 00000000 00:00 0 
7fa4f5dde000-7fa4f5ef9000 rw-p 00000000 00:00 0 
7fa4f5ef9000-7fa4f5f04000 rw-p 00000000 00:00 0 
7fa4f5f04000-7fa4f5f22000 rw-p 00000000 00:00 0 
7fa4f5f22000-7fa4f5f35000 rw-p 00000000 00:00 0 
7fa4f5f35000-7fa4f6050000 rw-p 00000000 00:00 0 
7fa4f6050000-7fa4f6074000 rw-p 00000000 00:00 0 
7fa4f6074000-7fa4f60e7000 rw-p 00000000 00:00 0 
7fa4f60e7000-7fa4f60e8000 rw-p 00000000 00:00 0 
7fa4f60e8000-7fa4f6102000 r-xp 00000000 08:11 150921                     /usr/lib/jvm/java-7-oracle/jre/lib/amd64/libzip.so
7fa4f6102000-7fa4f6302000 ---p 0001a000 08:11 150921                     /usr/lib/jvm/java-7-oracle/jre/lib/amd64/libzip.so
7fa4f6302000-7fa4f6303000 rw-p 0001a000 08:11 150921                     /usr/lib/jvm/java-7-oracle/jre/lib/amd64/libzip.so
7fa4f6303000-7fa4f630f000 r-xp 00000000 08:11 135000                     /lib/x86_64-linux-gnu/libnss_files-2.17.so
7fa4f630f000-7fa4f650e000 ---p 0000c000 08:11 135000                     /lib/x86_64-linux-gnu/libnss_files-2.17.so
7fa4f650e000-7fa4f650f000 r--p 0000b000 08:11 135000                     /lib/x86_64-linux-gnu/libnss_files-2.17.so
7fa4f650f000-7fa4f6510000 rw-p 0000c000 08:11 135000                     /lib/x86_64-linux-gnu/libnss_files-2.17.so
7fa4f6510000-7fa4f651b000 r-xp 00000000 08:11 135004                     /lib/x86_64-linux-gnu/libnss_nis-2.17.so
7fa4f651b000-7fa4f671a000 ---p 0000b000 08:11 135004                     /lib/x86_64-linux-gnu/libnss_nis-2.17.so
7fa4f671a000-7fa4f671b000 r--p 0000a000 08:11 135004                     /lib/x86_64-linux-gnu/libnss_nis-2.17.so
7fa4f671b000-7fa4f671c000 rw-p 0000b000 08:11 135004                     /lib/x86_64-linux-gnu/libnss_nis-2.17.so
7fa4f671c000-7fa4f6733000 r-xp 00000000 08:11 134994                     /lib/x86_64-linux-gnu/libnsl-2.17.so
7fa4f6733000-7fa4f6932000 ---p 00017000 08:11 134994                     /lib/x86_64-linux-gnu/libnsl-2.17.so
7fa4f6932000-7fa4f6933000 r--p 00016000 08:11 134994                     /lib/x86_64-linux-gnu/libnsl-2.17.so
7fa4f6933000-7fa4f6934000 rw-p 00017000 08:11 134994                     /lib/x86_64-linux-gnu/libnsl-2.17.so
7fa4f6934000-7fa4f6936000 rw-p 00000000 00:00 0 
7fa4f6936000-7fa4f693e000 r-xp 00000000 08:11 134996                     /lib/x86_64-linux-gnu/libnss_compat-2.17.so
7fa4f693e000-7fa4f6b3d000 ---p 00008000 08:11 134996                     /lib/x86_64-linux-gnu/libnss_compat-2.17.so
7fa4f6b3d000-7fa4f6b3e000 r--p 00007000 08:11 134996                     /lib/x86_64-linux-gnu/libnss_compat-2.17.so
7fa4f6b3e000-7fa4f6b3f000 rw-p 00008000 08:11 134996                     /lib/x86_64-linux-gnu/libnss_compat-2.17.so
7fa4f6b3f000-7fa4f6b68000 r-xp 00000000 08:11 150882                     /usr/lib/jvm/java-7-oracle/jre/lib/amd64/libjava.so
7fa4f6b68000-7fa4f6d68000 ---p 00029000 08:11 150882                     /usr/lib/jvm/java-7-oracle/jre/lib/amd64/libjava.so
7fa4f6d68000-7fa4f6d6a000 rw-p 00029000 08:11 150882                     /usr/lib/jvm/java-7-oracle/jre/lib/amd64/libjava.so
7fa4f6d6a000-7fa4f6d77000 r-xp 00000000 08:11 150905                     /usr/lib/jvm/java-7-oracle/jre/lib/amd64/libverify.so
7fa4f6d77000-7fa4f6f76000 ---p 0000d000 08:11 150905                     /usr/lib/jvm/java-7-oracle/jre/lib/amd64/libverify.so
7fa4f6f76000-7fa4f6f78000 rw-p 0000c000 08:11 150905                     /usr/lib/jvm/java-7-oracle/jre/lib/amd64/libverify.so
7fa4f6f78000-7fa4f6f7f000 r-xp 00000000 08:11 135047                     /lib/x86_64-linux-gnu/librt-2.17.so
7fa4f6f7f000-7fa4f717e000 ---p 00007000 08:11 135047                     /lib/x86_64-linux-gnu/librt-2.17.so
7fa4f717e000-7fa4f717f000 r--p 00006000 08:11 135047                     /lib/x86_64-linux-gnu/librt-2.17.so
7fa4f717f000-7fa4f7180000 rw-p 00007000 08:11 135047                     /lib/x86_64-linux-gnu/librt-2.17.so
7fa4f7180000-7fa4f7283000 r-xp 00000000 08:11 134975                     /lib/x86_64-linux-gnu/libm-2.17.so
7fa4f7283000-7fa4f7482000 ---p 00103000 08:11 134975                     /lib/x86_64-linux-gnu/libm-2.17.so
7fa4f7482000-7fa4f7483000 r--p 00102000 08:11 134975                     /lib/x86_64-linux-gnu/libm-2.17.so
7fa4f7483000-7fa4f7484000 rw-p 00103000 08:11 134975                     /lib/x86_64-linux-gnu/libm-2.17.so
7fa4f7484000-7fa4f7fe6000 r-xp 00000000 08:11 283700                     /usr/lib/jvm/java-7-oracle/jre/lib/amd64/server/libjvm.so
7fa4f7fe6000-7fa4f81e6000 ---p 00b62000 08:11 283700                     /usr/lib/jvm/java-7-oracle/jre/lib/amd64/server/libjvm.so
7fa4f81e6000-7fa4f82a9000 rw-p 00b62000 08:11 283700                     /usr/lib/jvm/java-7-oracle/jre/lib/amd64/server/libjvm.so
7fa4f82a9000-7fa4f82ea000 rw-p 00000000 00:00 0 
7fa4f82ea000-7fa4f84a7000 r-xp 00000000 08:11 134924                     /lib/x86_64-linux-gnu/libc-2.17.so
7fa4f84a7000-7fa4f86a7000 ---p 001bd000 08:11 134924                     /lib/x86_64-linux-gnu/libc-2.17.so
7fa4f86a7000-7fa4f86ab000 r--p 001bd000 08:11 134924                     /lib/x86_64-linux-gnu/libc-2.17.so
7fa4f86ab000-7fa4f86ad000 rw-p 001c1000 08:11 134924                     /lib/x86_64-linux-gnu/libc-2.17.so
7fa4f86ad000-7fa4f86b2000 rw-p 00000000 00:00 0 
7fa4f86b2000-7fa4f86b5000 r-xp 00000000 08:11 134939                     /lib/x86_64-linux-gnu/libdl-2.17.so
7fa4f86b5000-7fa4f88b4000 ---p 00003000 08:11 134939                     /lib/x86_64-linux-gnu/libdl-2.17.so
7fa4f88b4000-7fa4f88b5000 r--p 00002000 08:11 134939                     /lib/x86_64-linux-gnu/libdl-2.17.so
7fa4f88b5000-7fa4f88b6000 rw-p 00003000 08:11 134939                     /lib/x86_64-linux-gnu/libdl-2.17.so
7fa4f88b6000-7fa4f88cc000 r-xp 00000000 08:11 283696                     /usr/lib/jvm/java-7-oracle/jre/lib/amd64/jli/libjli.so
7fa4f88cc000-7fa4f8acc000 ---p 00016000 08:11 283696                     /usr/lib/jvm/java-7-oracle/jre/lib/amd64/jli/libjli.so
7fa4f8acc000-7fa4f8acd000 rw-p 00016000 08:11 283696                     /usr/lib/jvm/java-7-oracle/jre/lib/amd64/jli/libjli.so
7fa4f8acd000-7fa4f8ae4000 r-xp 00000000 08:11 135039                     /lib/x86_64-linux-gnu/libpthread-2.17.so
7fa4f8ae4000-7fa4f8ce4000 ---p 00017000 08:11 135039                     /lib/x86_64-linux-gnu/libpthread-2.17.so
7fa4f8ce4000-7fa4f8ce5000 r--p 00017000 08:11 135039                     /lib/x86_64-linux-gnu/libpthread-2.17.so
7fa4f8ce5000-7fa4f8ce6000 rw-p 00018000 08:11 135039                     /lib/x86_64-linux-gnu/libpthread-2.17.so
7fa4f8ce6000-7fa4f8cea000 rw-p 00000000 00:00 0 
7fa4f8cea000-7fa4f8d0d000 r-xp 00000000 08:11 134900                     /lib/x86_64-linux-gnu/ld-2.17.so
7fa4f8d0d000-7fa4f8d0f000 r--s 0000a000 08:11 297810                     /usr/share/java/wagon-provider-api-2.x.jar
7fa4f8d0f000-7fa4f8d10000 r--s 0000d000 08:11 296620                     /usr/share/java/commons-logging-1.1.3.jar
7fa4f8d10000-7fa4f8d12000 r--s 00025000 08:11 297852                     /usr/share/java/maven-model-3.x.jar
7fa4f8d12000-7fa4f8d13000 r--s 00003000 08:11 696806                     /usr/share/maven-repo/org/sonatype/aether/aether-spi/1.13.1/aether-spi-1.13.1.jar
7fa4f8d13000-7fa4f8d15000 r--s 00009000 08:11 297849                     /usr/share/java/maven-settings-3.x.jar
7fa4f8d15000-7fa4f8d17000 r--s 0000a000 08:11 297856                     /usr/share/java/maven-artifact-3.x.jar
7fa4f8d17000-7fa4f8d35000 rw-p 00000000 00:00 0 
7fa4f8d35000-7fa4f8deb000 rw-p 00000000 00:00 0 
7fa4f8deb000-7fa4f8dee000 ---p 00000000 00:00 0 
7fa4f8dee000-7fa4f8ef0000 rw-p 00000000 00:00 0                          [stack:12267]
7fa4f8ef0000-7fa4f8ef1000 r--s 00006000 08:11 297029                     /usr/share/java/plexus-sec-dispatcher.jar
7fa4f8ef1000-7fa4f8ef3000 r--s 0000b000 08:11 297853                     /usr/share/java/maven-aether-provider-3.x.jar
7fa4f8ef3000-7fa4f8ef6000 r--s 00013000 08:11 696808                     /usr/share/maven-repo/org/sonatype/aether/aether-api/1.13.1/aether-api-1.13.1.jar
7fa4f8ef6000-7fa4f8ef8000 r--s 0000b000 08:11 696108                     /usr/share/maven-repo/org/codehaus/plexus/plexus-interpolation/1.11/plexus-interpolation-1.11.jar
7fa4f8ef8000-7fa4f8efa000 r--s 00005000 08:11 297850                     /usr/share/java/maven-repository-metadata-3.x.jar
7fa4f8efa000-7fa4f8efc000 r--s 00000000 08:11 297447                     /usr/share/java/plexus-component-annotations-1.5-1.5.5.jar
7fa4f8efc000-7fa4f8efe000 r--s 00013000 08:03 9830546                    /home/ivan/tools/idea-IU-123.169/lib/idea_rt.jar
7fa4f8efe000-7fa4f8f00000 r--s 0000a000 08:11 296782                     /usr/share/java/plexus-classworlds2-2.4.jar
7fa4f8f00000-7fa4f8f08000 rw-s 00000000 00:12 183606                     /tmp/hsperfdata_ivan/12266
7fa4f8f08000-7fa4f8f09000 rw-p 00000000 00:00 0 
7fa4f8f09000-7fa4f8f0a000 ---p 00000000 00:00 0 
7fa4f8f0a000-7fa4f8f0c000 rw-p 00000000 00:00 0 
7fa4f8f0c000-7fa4f8f0d000 r--p 00022000 08:11 134900                     /lib/x86_64-linux-gnu/ld-2.17.so
7fa4f8f0d000-7fa4f8f0f000 rw-p 00023000 08:11 134900                     /lib/x86_64-linux-gnu/ld-2.17.so
7fff5b63f000-7fff5b660000 rw-p 00000000 00:00 0                          [stack]
7fff5b6d0000-7fff5b6d2000 r-xp 00000000 00:00 0                          [vdso]
ffffffffff600000-ffffffffff601000 r-xp 00000000 00:00 0                  [vsyscall]

VM Arguments:
jvm_args: -Dclassworlds.conf=/usr/share/maven/bin/m2.conf -Dmaven.home=/usr/share/maven -Didea.launcher.port=7533 -Didea.launcher.bin.path=/home/ivan/tools/idea-IU-123.169/bin -Dfile.encoding=UTF-8 
java_command: com.intellij.rt.execution.application.AppMain org.codehaus.classworlds.Launcher --no-plugin-registry --fail-fast --strict-checksums --update-snapshots package
Launcher Type: SUN_STANDARD

Environment Variables:
CLASSPATH=./../lib/bootstrap.jar:./../lib/extensions.jar:./../lib/util.jar:./../lib/jdom.jar:./../lib/log4j.jar:./../lib/trove4j.jar:./../lib/jna.jar:/usr/lib/jvm/java-7-oracle/lib/tools.jar
PATH=/usr/lib/lightdm/lightdm:/usr/local/sbin:/usr/local/bin:/usr/sbin:/usr/bin:/sbin:/bin:/usr/games:/usr/local/games
LD_LIBRARY_PATH=.:
SHELL=/bin/bash
DISPLAY=:0.0

Signal Handlers:
SIGSEGV: [libjvm.so+0x993870], sa_mask[0]=0x7ffbfeff, sa_flags=0x10000004
SIGBUS: [libjvm.so+0x993870], sa_mask[0]=0x7ffbfeff, sa_flags=0x10000004
SIGFPE: [libjvm.so+0x8105b0], sa_mask[0]=0x7ffbfeff, sa_flags=0x10000004
SIGPIPE: [libjvm.so+0x8105b0], sa_mask[0]=0x7ffbfeff, sa_flags=0x10000004
SIGXFSZ: [libjvm.so+0x8105b0], sa_mask[0]=0x7ffbfeff, sa_flags=0x10000004
SIGILL: [libjvm.so+0x8105b0], sa_mask[0]=0x7ffbfeff, sa_flags=0x10000004
SIGUSR1: SIG_DFL, sa_mask[0]=0x00000000, sa_flags=0x00000000
SIGUSR2: [libjvm.so+0x811aa0], sa_mask[0]=0x00000004, sa_flags=0x10000004
SIGHUP: [libjvm.so+0x812a10], sa_mask[0]=0x7ffbfeff, sa_flags=0x10000004
SIGINT: [libjvm.so+0x812a10], sa_mask[0]=0x7ffbfeff, sa_flags=0x10000004
SIGTERM: [libjvm.so+0x812a10], sa_mask[0]=0x7ffbfeff, sa_flags=0x10000004
SIGQUIT: [libjvm.so+0x812a10], sa_mask[0]=0x7ffbfeff, sa_flags=0x10000004


---------------  S Y S T E M  ---------------

OS:wheezy/sid

uname:Linux 3.11.0-17-generic #31-Ubuntu SMP Mon Feb 3 21:52:43 UTC 2014 x86_64
libc:glibc 2.17 NPTL 2.17 
rlimit: STACK 8192k, CORE 0k, NPROC 28791, NOFILE 4096, AS infinity
load average:0,78 0,55 0,53

/proc/meminfo:
MemTotal:        3705496 kB
MemFree:          113660 kB
Buffers:             584 kB
Cached:           481548 kB
SwapCached:            0 kB
Active:          2940480 kB
Inactive:         468160 kB
Active(anon):    2931536 kB
Inactive(anon):   456008 kB
Active(file):       8944 kB
Inactive(file):    12152 kB
Unevictable:         104 kB
Mlocked:             104 kB
SwapTotal:             0 kB
SwapFree:              0 kB
Dirty:               192 kB
Writeback:             0 kB
AnonPages:       2926732 kB
Mapped:           111528 kB
Shmem:            460772 kB
Slab:              67356 kB
SReclaimable:      30352 kB
SUnreclaim:        37004 kB
KernelStack:        6224 kB
PageTables:        49664 kB
NFS_Unstable:          0 kB
Bounce:                0 kB
WritebackTmp:          0 kB
CommitLimit:     1852748 kB
Committed_AS:    7886676 kB
VmallocTotal:   34359738367 kB
VmallocUsed:      349472 kB
VmallocChunk:   34359385088 kB
HardwareCorrupted:     0 kB
AnonHugePages:         0 kB
HugePages_Total:       0
HugePages_Free:        0
HugePages_Rsvd:        0
HugePages_Surp:        0
Hugepagesize:       2048 kB
DirectMap4k:      103952 kB
DirectMap2M:     2695168 kB
DirectMap1G:     1048576 kB


CPU:total 4 (2 cores per cpu, 2 threads per core) family 6 model 60 stepping 3, cmov, cx8, fxsr, mmx, sse, sse2, sse3, ssse3, sse4.1, sse4.2, popcnt, avx, avx2, aes, erms, ht, tsc, tscinvbit

/proc/cpuinfo:
processor	: 0
vendor_id	: GenuineIntel
cpu family	: 6
model		: 60
model name	: Intel(R) Core(TM) i5-4200M CPU @ 2.50GHz
stepping	: 3
microcode	: 0x12
cpu MHz		: 2501.000
cache size	: 3072 KB
physical id	: 0
siblings	: 4
core id		: 0
cpu cores	: 2
apicid		: 0
initial apicid	: 0
fpu		: yes
fpu_exception	: yes
cpuid level	: 13
wp		: yes
flags		: fpu vme de pse tsc msr pae mce cx8 apic sep mtrr pge mca cmov pat pse36 clflush dts acpi mmx fxsr sse sse2 ss ht tm pbe syscall nx pdpe1gb rdtscp lm constant_tsc arch_perfmon pebs bts rep_good nopl xtopology nonstop_tsc aperfmperf eagerfpu pni pclmulqdq dtes64 monitor ds_cpl vmx est tm2 ssse3 fma cx16 xtpr pdcm pcid sse4_1 sse4_2 movbe popcnt tsc_deadline_timer aes xsave avx f16c rdrand lahf_lm abm ida arat epb xsaveopt pln pts dtherm tpr_shadow vnmi flexpriority ept vpid fsgsbase tsc_adjust bmi1 avx2 smep bmi2 erms invpcid
bogomips	: 4988.50
clflush size	: 64
cache_alignment	: 64
address sizes	: 39 bits physical, 48 bits virtual
power management:

processor	: 1
vendor_id	: GenuineIntel
cpu family	: 6
model		: 60
model name	: Intel(R) Core(TM) i5-4200M CPU @ 2.50GHz
stepping	: 3
microcode	: 0x12
cpu MHz		: 2501.000
cache size	: 3072 KB
physical id	: 0
siblings	: 4
core id		: 0
cpu cores	: 2
apicid		: 1
initial apicid	: 1
fpu		: yes
fpu_exception	: yes
cpuid level	: 13
wp		: yes
flags		: fpu vme de pse tsc msr pae mce cx8 apic sep mtrr pge mca cmov pat pse36 clflush dts acpi mmx fxsr sse sse2 ss ht tm pbe syscall nx pdpe1gb rdtscp lm constant_tsc arch_perfmon pebs bts rep_good nopl xtopology nonstop_tsc aperfmperf eagerfpu pni pclmulqdq dtes64 monitor ds_cpl vmx est tm2 ssse3 fma cx16 xtpr pdcm pcid sse4_1 sse4_2 movbe popcnt tsc_deadline_timer aes xsave avx f16c rdrand lahf_lm abm ida arat epb xsaveopt pln pts dtherm tpr_shadow vnmi flexpriority ept vpid fsgsbase tsc_adjust bmi1 avx2 smep bmi2 erms invpcid
bogomips	: 4988.50
clflush size	: 64
cache_alignment	: 64
address sizes	: 39 bits physical, 48 bits virtual
power management:

processor	: 2
vendor_id	: GenuineIntel
cpu family	: 6
model		: 60
model name	: Intel(R) Core(TM) i5-4200M CPU @ 2.50GHz
stepping	: 3
microcode	: 0x12
cpu MHz		: 2501.000
cache size	: 3072 KB
physical id	: 0
siblings	: 4
core id		: 1
cpu cores	: 2
apicid		: 2
initial apicid	: 2
fpu		: yes
fpu_exception	: yes
cpuid level	: 13
wp		: yes
flags		: fpu vme de pse tsc msr pae mce cx8 apic sep mtrr pge mca cmov pat pse36 clflush dts acpi mmx fxsr sse sse2 ss ht tm pbe syscall nx pdpe1gb rdtscp lm constant_tsc arch_perfmon pebs bts rep_good nopl xtopology nonstop_tsc aperfmperf eagerfpu pni pclmulqdq dtes64 monitor ds_cpl vmx est tm2 ssse3 fma cx16 xtpr pdcm pcid sse4_1 sse4_2 movbe popcnt tsc_deadline_timer aes xsave avx f16c rdrand lahf_lm abm ida arat epb xsaveopt pln pts dtherm tpr_shadow vnmi flexpriority ept vpid fsgsbase tsc_adjust bmi1 avx2 smep bmi2 erms invpcid
bogomips	: 4988.50
clflush size	: 64
cache_alignment	: 64
address sizes	: 39 bits physical, 48 bits virtual
power management:

processor	: 3
vendor_id	: GenuineIntel
cpu family	: 6
model		: 60
model name	: Intel(R) Core(TM) i5-4200M CPU @ 2.50GHz
stepping	: 3
microcode	: 0x12
cpu MHz		: 800.000
cache size	: 3072 KB
physical id	: 0
siblings	: 4
core id		: 1
cpu cores	: 2
apicid		: 3
initial apicid	: 3
fpu		: yes
fpu_exception	: yes
cpuid level	: 13
wp		: yes
flags		: fpu vme de pse tsc msr pae mce cx8 apic sep mtrr pge mca cmov pat pse36 clflush dts acpi mmx fxsr sse sse2 ss ht tm pbe syscall nx pdpe1gb rdtscp lm constant_tsc arch_perfmon pebs bts rep_good nopl xtopology nonstop_tsc aperfmperf eagerfpu pni pclmulqdq dtes64 monitor ds_cpl vmx est tm2 ssse3 fma cx16 xtpr pdcm pcid sse4_1 sse4_2 movbe popcnt tsc_deadline_timer aes xsave avx f16c rdrand lahf_lm abm ida arat epb xsaveopt pln pts dtherm tpr_shadow vnmi flexpriority ept vpid fsgsbase tsc_adjust bmi1 avx2 smep bmi2 erms invpcid
bogomips	: 4988.50
clflush size	: 64
cache_alignment	: 64
address sizes	: 39 bits physical, 48 bits virtual
power management:



Memory: 4k page, physical 3705496k(113412k free), swap 0k(0k free)

vm_info: Java HotSpot(TM) 64-Bit Server VM (24.51-b03) for linux-amd64 JRE (1.7.0_51-b13), built on Dec 18 2013 18:48:01 by "java_re" with gcc 4.3.0 20080428 (Red Hat 4.3.0-8)

time: Wed Mar  5 00:22:01 2014
elapsed time: 5 seconds

